# JRE version: OpenJDK Runtime Environment (8.0_242-b08) (build 1.8.0_242-8u242-b08-0ubuntu3~18.04-b08)
# Java VM: OpenJDK 64-Bit Server VM (25.242-b08 mixed mode linux-amd64 compressed oops)
Heap:
 PSYoungGen      total 256512K, used 11114K [0x0000000781800000, 0x0000000792700000, 0x00000007c0000000)
  eden space 242688K, 0% used [0x0000000781800000,0x0000000781800000,0x0000000790500000)
  from space 13824K, 80% used [0x0000000790c00000,0x00000007916dabf0,0x0000000791980000)
  to   space 11776K, 0% used [0x0000000791b80000,0x0000000791b80000,0x0000000792700000)
 ParOldGen       total 49152K, used 8328K [0x0000000704800000, 0x0000000707800000, 0x0000000781800000)
  object space 49152K, 16% used [0x0000000704800000,0x0000000705022328,0x0000000707800000)
 Metaspace       used 34594K, capacity 35471K, committed 35496K, reserved 1079296K
  class space    used 4760K, capacity 5032K, committed 5032K, reserved 1048576K
GC Heap History (10 events):
Event: 22.105 GC heap after
Heap after GC invocations=3 (full 0):
 PSYoungGen      total 68608K, used 5088K [0x0000000781800000, 0x0000000789e00000, 0x00000007c0000000)
  eden space 63488K, 0% used [0x0000000781800000,0x0000000781800000,0x0000000785600000)
  from space 5120K, 99% used [0x0000000785600000,0x0000000785af82e8,0x0000000785b00000)
  to   space 5120K, 0% used [0x0000000789900000,0x0000000789900000,0x0000000789e00000)
 ParOldGen       total 84992K, used 4132K [0x0000000704800000, 0x0000000709b00000, 0x0000000781800000)
  object space 84992K, 4% used [0x0000000704800000,0x0000000704c093d0,0x0000000709b00000)
 Metaspace       used 14249K, capacity 14626K, committed 14720K, reserved 1062912K
  class space    used 1982K, capacity 2127K, committed 2176K, reserved 1048576K
}
Event: 30.222 GC heap before
{Heap before GC invocations=4 (full 0):
 PSYoungGen      total 68608K, used 68576K [0x0000000781800000, 0x0000000789e00000, 0x00000007c0000000)
  eden space 63488K, 100% used [0x0000000781800000,0x0000000785600000,0x0000000785600000)
  from space 5120K, 99% used [0x0000000785600000,0x0000000785af82e8,0x0000000785b00000)
  to   space 5120K, 0% used [0x0000000789900000,0x0000000789900000,0x0000000789e00000)
 ParOldGen       total 84992K, used 4132K [0x0000000704800000, 0x0000000709b00000, 0x0000000781800000)
  object space 84992K, 4% used [0x0000000704800000,0x0000000704c093d0,0x0000000709b00000)
 Metaspace       used 19169K, capacity 19684K, committed 19840K, reserved 1067008K
  class space    used 2767K, capacity 2934K, committed 2944K, reserved 1048576K
Event: 33.647 GC heap after
Heap after GC invocations=4 (full 0):
 PSYoungGen      total 132096K, used 5092K [0x0000000781800000, 0x0000000789e00000, 0x00000007c0000000)
  eden space 126976K, 0% used [0x0000000781800000,0x0000000781800000,0x0000000789400000)
  from space 5120K, 99% used [0x0000000789900000,0x0000000789df9060,0x0000000789e00000)
  to   space 5120K, 0% used [0x0000000789400000,0x0000000789400000,0x0000000789900000)
 ParOldGen       total 84992K, used 10038K [0x0000000704800000, 0x0000000709b00000, 0x0000000781800000)
  object space 84992K, 11% used [0x0000000704800000,0x00000007051cd9f8,0x0000000709b00000)
 Metaspace       used 19169K, capacity 19684K, committed 19840K, reserved 1067008K
  class space    used 2767K, capacity 2934K, committed 2944K, reserved 1048576K
}
Event: 35.064 GC heap before
{Heap before GC invocations=5 (full 0):
 PSYoungGen      total 132096K, used 20826K [0x0000000781800000, 0x0000000789e00000, 0x00000007c0000000)
  eden space 126976K, 12% used [0x0000000781800000,0x000000078275d948,0x0000000789400000)
  from space 5120K, 99% used [0x0000000789900000,0x0000000789df9060,0x0000000789e00000)
  to   space 5120K, 0% used [0x0000000789400000,0x0000000789400000,0x0000000789900000)
 ParOldGen       total 84992K, used 10038K [0x0000000704800000, 0x0000000709b00000, 0x0000000781800000)
  object space 84992K, 11% used [0x0000000704800000,0x00000007051cd9f8,0x0000000709b00000)
 Metaspace       used 20604K, capacity 21106K, committed 21296K, reserved 1067008K
  class space    used 2979K, capacity 3129K, committed 3200K, reserved 1048576K
Event: 35.070 GC heap after
Heap after GC invocations=5 (full 0):
 PSYoungGen      total 132096K, used 5104K [0x0000000781800000, 0x0000000792700000, 0x00000007c0000000)
  eden space 126976K, 0% used [0x0000000781800000,0x0000000781800000,0x0000000789400000)
  from space 5120K, 99% used [0x0000000789400000,0x00000007898fc050,0x0000000789900000)
  to   space 11776K, 0% used [0x0000000791b80000,0x0000000791b80000,0x0000000792700000)
 ParOldGen       total 84992K, used 11619K [0x0000000704800000, 0x0000000709b00000, 0x0000000781800000)
  object space 84992K, 13% used [0x0000000704800000,0x0000000705358c60,0x0000000709b00000)
 Metaspace       used 20604K, capacity 21106K, committed 21296K, reserved 1067008K
  class space    used 2979K, capacity 3129K, committed 3200K, reserved 1048576K
}
Event: 35.070 GC heap before
{Heap before GC invocations=6 (full 1):
 PSYoungGen      total 132096K, used 5104K [0x0000000781800000, 0x0000000792700000, 0x00000007c0000000)
  eden space 126976K, 0% used [0x0000000781800000,0x0000000781800000,0x0000000789400000)
  from space 5120K, 99% used [0x0000000789400000,0x00000007898fc050,0x0000000789900000)
  to   space 11776K, 0% used [0x0000000791b80000,0x0000000791b80000,0x0000000792700000)
 ParOldGen       total 84992K, used 11619K [0x0000000704800000, 0x0000000709b00000, 0x0000000781800000)
  object space 84992K, 13% used [0x0000000704800000,0x0000000705358c60,0x0000000709b00000)
 Metaspace       used 20604K, capacity 21106K, committed 21296K, reserved 1067008K
  class space    used 2979K, capacity 3129K, committed 3200K, reserved 1048576K
Event: 35.274 GC heap after
Heap after GC invocations=6 (full 1):
 PSYoungGen      total 132096K, used 0K [0x0000000781800000, 0x0000000792700000, 0x00000007c0000000)
  eden space 126976K, 0% used [0x0000000781800000,0x0000000781800000,0x0000000789400000)
  from space 5120K, 0% used [0x0000000789400000,0x0000000789400000,0x0000000789900000)
  to   space 11776K, 0% used [0x0000000791b80000,0x0000000791b80000,0x0000000792700000)
 ParOldGen       total 49152K, used 8198K [0x0000000704800000, 0x0000000707800000, 0x0000000781800000)
  object space 49152K, 16% used [0x0000000704800000,0x0000000705001aa8,0x0000000707800000)
 Metaspace       used 20604K, capacity 21106K, committed 21296K, reserved 1067008K
  class space    used 2979K, capacity 3129K, committed 3200K, reserved 1048576K
}
Event: 54.690 GC heap before
{Heap before GC invocations=7 (full 1):
 PSYoungGen      total 132096K, used 126976K [0x0000000781800000, 0x0000000792700000, 0x00000007c0000000)
  eden space 126976K, 100% used [0x0000000781800000,0x0000000789400000,0x0000000789400000)
  from space 5120K, 0% used [0x0000000789400000,0x0000000789400000,0x0000000789900000)
  to   space 11776K, 0% used [0x0000000791b80000,0x0000000791b80000,0x0000000792700000)
 ParOldGen       total 49152K, used 8198K [0x0000000704800000, 0x0000000707800000, 0x0000000781800000)
  object space 49152K, 16% used [0x0000000704800000,0x0000000705001aa8,0x0000000707800000)
 Metaspace       used 31347K, capacity 31924K, committed 32256K, reserved 1077248K
  class space    used 4295K, capacity 4491K, committed 4608K, reserved 1048576K
Event: 54.740 GC heap after
Heap after GC invocations=7 (full 1):
 PSYoungGen      total 254464K, used 11758K [0x0000000781800000, 0x0000000792700000, 0x00000007c0000000)
  eden space 242688K, 0% used [0x0000000781800000,0x0000000781800000,0x0000000790500000)
  from space 11776K, 99% used [0x0000000791b80000,0x00000007926fba88,0x0000000792700000)
  to   space 13824K, 0% used [0x0000000790c00000,0x0000000790c00000,0x0000000791980000)
 ParOldGen       total 49152K, used 8320K [0x0000000704800000, 0x0000000707800000, 0x0000000781800000)
  object space 49152K, 16% used [0x0000000704800000,0x0000000705020328,0x0000000707800000)
 Metaspace       used 31347K, capacity 31924K, committed 32256K, reserved 1077248K
  class space    used 4295K, capacity 4491K, committed 4608K, reserved 1048576K
}
Event: 108.928 GC heap before
{Heap before GC invocations=8 (full 1):
 PSYoungGen      total 254464K, used 96413K [0x0000000781800000, 0x0000000792700000, 0x00000007c0000000)
  eden space 242688K, 34% used [0x0000000781800000,0x0000000786aabab8,0x0000000790500000)
  from space 11776K, 99% used [0x0000000791b80000,0x00000007926fba88,0x0000000792700000)
  to   space 13824K, 0% used [0x0000000790c00000,0x0000000790c00000,0x0000000791980000)
 ParOldGen       total 49152K, used 8320K [0x0000000704800000, 0x0000000707800000, 0x0000000781800000)
  object space 49152K, 16% used [0x0000000704800000,0x0000000705020328,0x0000000707800000)
 Metaspace       used 34594K, capacity 35471K, committed 35496K, reserved 1079296K
  class space    used 4760K, capacity 5032K, committed 5032K, reserved 1048576K

