# JRE version: OpenJDK Runtime Environment (8.0_242-b08) (build 1.8.0_242-8u242-b08-0ubuntu3~18.04-b08)
# Java VM: OpenJDK 64-Bit Server VM (25.242-b08 mixed mode linux-amd64 compressed oops)
Heap:
 PSYoungGen      total 230912K, used 16889K [0x0000000781800000, 0x0000000790a00000, 0x00000007c0000000)
  eden space 214016K, 0% used [0x0000000781800000,0x0000000781800000,0x000000078e900000)
  from space 16896K, 99% used [0x000000078e900000,0x000000078f97e4d8,0x000000078f980000)
  to   space 14848K, 0% used [0x000000078fa00000,0x000000078fa00000,0x0000000790880000)
 ParOldGen       total 113664K, used 46698K [0x0000000704800000, 0x000000070b700000, 0x0000000781800000)
  object space 113664K, 41% used [0x0000000704800000,0x000000070759a840,0x000000070b700000)
 Metaspace       used 65359K, capacity 67580K, committed 67880K, reserved 1107968K
  class space    used 8852K, capacity 9398K, committed 9512K, reserved 1048576K
GC Heap History (10 events):
Event: 12.209 GC heap after
Heap after GC invocations=11 (full 1):
 PSYoungGen      total 164352K, used 5809K [0x0000000781800000, 0x000000078d400000, 0x00000007c0000000)
  eden space 153088K, 0% used [0x0000000781800000,0x0000000781800000,0x000000078ad80000)
  from space 11264K, 51% used [0x000000078b880000,0x000000078be2c6d8,0x000000078c380000)
  to   space 11264K, 0% used [0x000000078ad80000,0x000000078ad80000,0x000000078b880000)
 ParOldGen       total 51200K, used 11548K [0x0000000704800000, 0x0000000707a00000, 0x0000000781800000)
  object space 51200K, 22% used [0x0000000704800000,0x00000007053470a0,0x0000000707a00000)
 Metaspace       used 34610K, capacity 35467K, committed 35496K, reserved 1079296K
  class space    used 4764K, capacity 5032K, committed 5032K, reserved 1048576K
}
Event: 12.209 GC heap before
{Heap before GC invocations=12 (full 2):
 PSYoungGen      total 164352K, used 5809K [0x0000000781800000, 0x000000078d400000, 0x00000007c0000000)
  eden space 153088K, 0% used [0x0000000781800000,0x0000000781800000,0x000000078ad80000)
  from space 11264K, 51% used [0x000000078b880000,0x000000078be2c6d8,0x000000078c380000)
  to   space 11264K, 0% used [0x000000078ad80000,0x000000078ad80000,0x000000078b880000)
 ParOldGen       total 51200K, used 11548K [0x0000000704800000, 0x0000000707a00000, 0x0000000781800000)
  object space 51200K, 22% used [0x0000000704800000,0x00000007053470a0,0x0000000707a00000)
 Metaspace       used 34610K, capacity 35467K, committed 35496K, reserved 1079296K
  class space    used 4764K, capacity 5032K, committed 5032K, reserved 1048576K
Event: 12.288 GC heap after
Heap after GC invocations=12 (full 2):
 PSYoungGen      total 164352K, used 0K [0x0000000781800000, 0x000000078d400000, 0x00000007c0000000)
  eden space 153088K, 0% used [0x0000000781800000,0x0000000781800000,0x000000078ad80000)
  from space 11264K, 0% used [0x000000078b880000,0x000000078b880000,0x000000078c380000)
  to   space 11264K, 0% used [0x000000078ad80000,0x000000078ad80000,0x000000078b880000)
 ParOldGen       total 71168K, used 15985K [0x0000000704800000, 0x0000000708d80000, 0x0000000781800000)
  object space 71168K, 22% used [0x0000000704800000,0x000000070579c590,0x0000000708d80000)
 Metaspace       used 34603K, capacity 35443K, committed 35496K, reserved 1079296K
  class space    used 4762K, capacity 5028K, committed 5032K, reserved 1048576K
}
Event: 14.297 GC heap before
{Heap before GC invocations=13 (full 2):
 PSYoungGen      total 164352K, used 153088K [0x0000000781800000, 0x000000078d400000, 0x00000007c0000000)
  eden space 153088K, 100% used [0x0000000781800000,0x000000078ad80000,0x000000078ad80000)
  from space 11264K, 0% used [0x000000078b880000,0x000000078b880000,0x000000078c380000)
  to   space 11264K, 0% used [0x000000078ad80000,0x000000078ad80000,0x000000078b880000)
 ParOldGen       total 71168K, used 15985K [0x0000000704800000, 0x0000000708d80000, 0x0000000781800000)
  object space 71168K, 22% used [0x0000000704800000,0x000000070579c590,0x0000000708d80000)
 Metaspace       used 48495K, capacity 49863K, committed 49960K, reserved 1091584K
  class space    used 6513K, capacity 6895K, committed 6952K, reserved 1048576K
Event: 14.338 GC heap after
Heap after GC invocations=13 (full 2):
 PSYoungGen      total 164352K, used 11263K [0x0000000781800000, 0x0000000790880000, 0x00000007c0000000)
  eden space 153088K, 0% used [0x0000000781800000,0x0000000781800000,0x000000078ad80000)
  from space 11264K, 99% used [0x000000078ad80000,0x000000078b87ff28,0x000000078b880000)
  to   space 14848K, 0% used [0x000000078fa00000,0x000000078fa00000,0x0000000790880000)
 ParOldGen       total 71168K, used 22832K [0x0000000704800000, 0x0000000708d80000, 0x0000000781800000)
  object space 71168K, 32% used [0x0000000704800000,0x0000000705e4c0a0,0x0000000708d80000)
 Metaspace       used 48495K, capacity 49863K, committed 49960K, reserved 1091584K
  class space    used 6513K, capacity 6895K, committed 6952K, reserved 1048576K
}
Event: 17.227 GC heap before
{Heap before GC invocations=14 (full 2):
 PSYoungGen      total 164352K, used 143553K [0x0000000781800000, 0x0000000790880000, 0x00000007c0000000)
  eden space 153088K, 86% used [0x0000000781800000,0x00000007899308a0,0x000000078ad80000)
  from space 11264K, 99% used [0x000000078ad80000,0x000000078b87ff28,0x000000078b880000)
  to   space 14848K, 0% used [0x000000078fa00000,0x000000078fa00000,0x0000000790880000)
 ParOldGen       total 71168K, used 22832K [0x0000000704800000, 0x0000000708d80000, 0x0000000781800000)
  object space 71168K, 32% used [0x0000000704800000,0x0000000705e4c0a0,0x0000000708d80000)
 Metaspace       used 57172K, capacity 59138K, committed 59160K, reserved 1099776K
  class space    used 7897K, capacity 8360K, committed 8360K, reserved 1048576K
Event: 17.267 GC heap after
Heap after GC invocations=14 (full 2):
 PSYoungGen      total 228864K, used 14526K [0x0000000781800000, 0x0000000790a00000, 0x00000007c0000000)
  eden space 214016K, 0% used [0x0000000781800000,0x0000000781800000,0x000000078e900000)
  from space 14848K, 97% used [0x000000078fa00000,0x000000079082f820,0x0000000790880000)
  to   space 16896K, 0% used [0x000000078e900000,0x000000078e900000,0x000000078f980000)
 ParOldGen       total 71168K, used 31873K [0x0000000704800000, 0x0000000708d80000, 0x0000000781800000)
  object space 71168K, 44% used [0x0000000704800000,0x00000007067206c8,0x0000000708d80000)
 Metaspace       used 57172K, capacity 59138K, committed 59160K, reserved 1099776K
  class space    used 7897K, capacity 8360K, committed 8360K, reserved 1048576K
}
Event: 17.268 GC heap before
{Heap before GC invocations=15 (full 3):
 PSYoungGen      total 228864K, used 14526K [0x0000000781800000, 0x0000000790a00000, 0x00000007c0000000)
  eden space 214016K, 0% used [0x0000000781800000,0x0000000781800000,0x000000078e900000)
  from space 14848K, 97% used [0x000000078fa00000,0x000000079082f820,0x0000000790880000)
  to   space 16896K, 0% used [0x000000078e900000,0x000000078e900000,0x000000078f980000)
 ParOldGen       total 71168K, used 31873K [0x0000000704800000, 0x0000000708d80000, 0x0000000781800000)
  object space 71168K, 44% used [0x0000000704800000,0x00000007067206c8,0x0000000708d80000)
 Metaspace       used 57172K, capacity 59138K, committed 59160K, reserved 1099776K
  class space    used 7897K, capacity 8360K, committed 8360K, reserved 1048576K
Event: 17.516 GC heap after
Heap after GC invocations=15 (full 3):
 PSYoungGen      total 228864K, used 0K [0x0000000781800000, 0x0000000790a00000, 0x00000007c0000000)
  eden space 214016K, 0% used [0x0000000781800000,0x0000000781800000,0x000000078e900000)
  from space 14848K, 0% used [0x000000078fa00000,0x000000078fa00000,0x0000000790880000)
  to   space 16896K, 0% used [0x000000078e900000,0x000000078e900000,0x000000078f980000)
 ParOldGen       total 113664K, used 37597K [0x0000000704800000, 0x000000070b700000, 0x0000000781800000)
  object space 113664K, 33% used [0x0000000704800000,0x0000000706cb7578,0x000000070b700000)
 Metaspace       used 57152K, capacity 59088K, committed 59160K, reserved 1099776K
  class space    used 7891K, capacity 8349K, committed 8360K, reserved 1048576K
}
Event: 29.986 GC heap before
{Heap before GC invocations=16 (full 3):
 PSYoungGen      total 228864K, used 213946K [0x0000000781800000, 0x0000000790a00000, 0x00000007c0000000)
  eden space 214016K, 99% used [0x0000000781800000,0x000000078e8eea38,0x000000078e900000)
  from space 14848K, 0% used [0x000000078fa00000,0x000000078fa00000,0x0000000790880000)
  to   space 16896K, 0% used [0x000000078e900000,0x000000078e900000,0x000000078f980000)
 ParOldGen       total 113664K, used 37597K [0x0000000704800000, 0x000000070b700000, 0x0000000781800000)
  object space 113664K, 33% used [0x0000000704800000,0x0000000706cb7578,0x000000070b700000)
 Metaspace       used 65359K, capacity 67580K, committed 67880K, reserved 1107968K
  class space    used 8852K, capacity 9398K, committed 9512K, reserved 1048576K

